C:\Program Files (x86)\Microsoft Visual Studio\2019\Community\MSBuild\Microsoft\VC\v160\Microsoft.CppBuild.targets(438,5): warning MSB8004: Output Directory does not end with a trailing slash.  This build instance will add the slash as it is required to allow proper evaluation of the Output Directory.
  CheckRouteFound.c
  DSR.c
  LEACH_HETEROGENEOUS.c
E:\V12_Projects\Heterogeneous_LEACH_for_WSN_v12.0\LEACH_HETERO_WORKSPACE\src\Simulation\DSR\DSR.c(171,31): warning C4013:  'fn_NetSim_LEACH_HETERO_run' undefined; assuming extern returning int
E:\V12_Projects\Heterogeneous_LEACH_for_WSN_v12.0\LEACH_HETERO_WORKSPACE\src\Simulation\DSR\LEACH_HETEROGENEOUS.c(64,57): warning C4013:  'fn_NetSim_LEACH_HETERO_CheckIfCH' undefined; assuming extern returning int
E:\V12_Projects\Heterogeneous_LEACH_for_WSN_v12.0\LEACH_HETERO_WORKSPACE\src\Simulation\DSR\LEACH_HETEROGENEOUS.c(85,29): warning C4013:  'fn_NetSim_LEACH_HETERO_run' undefined; assuming extern returning int
E:\V12_Projects\Heterogeneous_LEACH_for_WSN_v12.0\LEACH_HETERO_WORKSPACE\src\Simulation\DSR\LEACH_HETEROGENEOUS.c(48,6): warning C4101:  'i': unreferenced local variable
E:\V12_Projects\Heterogeneous_LEACH_for_WSN_v12.0\LEACH_HETERO_WORKSPACE\src\Simulation\DSR\LEACH_HETEROGENEOUS.c(47,12): warning C4101:  'nInterface': unreferenced local variable
E:\V12_Projects\Heterogeneous_LEACH_for_WSN_v12.0\LEACH_HETERO_WORKSPACE\src\Simulation\DSR\LEACH_HETEROGENEOUS.c(49,6): warning C4101:  'ClusterId': unreferenced local variable
E:\V12_Projects\Heterogeneous_LEACH_for_WSN_v12.0\LEACH_HETERO_WORKSPACE\src\Simulation\DSR\LEACH_HETEROGENEOUS.c(111,16): warning C4018:  '<': signed/unsigned mismatch
E:\V12_Projects\Heterogeneous_LEACH_for_WSN_v12.0\LEACH_HETERO_WORKSPACE\src\Simulation\DSR\LEACH_HETEROGENEOUS.c(128,39): warning C4244:  '=': conversion from 'double' to 'int', possible loss of data
  MaintBuffer.c
  MATLAB_Interface.c
E:\V12_Projects\Heterogeneous_LEACH_for_WSN_v12.0\LEACH_HETERO_WORKSPACE\src\Simulation\DSR\LEACH_HETEROGENEOUS.c(145,16): warning C4018:  '<': signed/unsigned mismatch
C:\Program Files (x86)\Microsoft Visual Studio\2019\Community\VC\Tools\MSVC\14.22.27905\include\stdbool.h(16,1): warning C4005:  'false': macro redefinition
C:\Program Files\Polyspace\R2019a\extern\include\tmwtypes.h(760): message :  see previous definition of 'false'
C:\Program Files (x86)\Microsoft Visual Studio\2019\Community\VC\Tools\MSVC\14.22.27905\include\stdbool.h(17,1): warning C4005:  'true': macro redefinition
C:\Program Files\Polyspace\R2019a\extern\include\tmwtypes.h(763): message :  see previous definition of 'true'
E:\V12_Projects\Heterogeneous_LEACH_for_WSN_v12.0\LEACH_HETERO_WORKSPACE\src\Simulation\Include\main.h(215,1): warning C4005:  'printf': macro redefinition
C:\Program Files\Polyspace\R2019a\extern\include\mex.h(197): message :  see previous definition of 'printf'
E:\V12_Projects\Heterogeneous_LEACH_for_WSN_v12.0\LEACH_HETERO_WORKSPACE\src\Simulation\DSR\MATLAB_Interface.c(87,16): warning C4018:  '<': signed/unsigned mismatch
  Network_Layer_Ack.c
  PacketProcessing.c
  RouteCache.c
  RouteError.c
  RouteReply.c
  RouteRequest.c
  SendBuffer.c
  SourceRoute.c
  Generating Code...
E:\V12_Projects\Heterogeneous_LEACH_for_WSN_v12.0\LEACH_HETERO_WORKSPACE\src\Simulation\DSR\MATLAB_Interface.c(136,37): warning C4013:  'fn_NetSim_LEACH_HETERO_form_cluster' undefined; assuming extern returning int
C:\Program Files (x86)\Microsoft Visual Studio\2019\Community\MSBuild\Microsoft\VC\v160\Microsoft.CppBuild.targets(1264,5): warning MSB8012: TargetPath(E:\V12_Projects\Heterogeneous_LEACH_for_WSN_v12.0\LEACH_HETERO_WORKSPACE\src\Simulation\DSR\..\..\..\bin\bin_x64\DSR.dll) does not match the Linker's OutputFile property value (E:\V12_Projects\Heterogeneous_LEACH_for_WSN_v12.0\LEACH_HETERO_WORKSPACE\bin\bin_x64\libDSR.dll). This may cause your project to build incorrectly. To correct this, please make sure that $(OutDir), $(TargetName) and $(TargetExt) property values match the value specified in %(Link.OutputFile).
C:\Program Files (x86)\Microsoft Visual Studio\2019\Community\MSBuild\Microsoft\VC\v160\Microsoft.CppBuild.targets(1266,5): warning MSB8012: TargetName(DSR) does not match the Linker's OutputFile property value (libDSR). This may cause your project to build incorrectly. To correct this, please make sure that $(OutDir), $(TargetName) and $(TargetExt) property values match the value specified in %(Link.OutputFile).
CheckRouteFound.obj : warning LNK4075: ignoring '/EDITANDCONTINUE' due to '/INCREMENTAL:NO' specification
  List.lib(List.obj) : MSIL .netmodule or module compiled with /GL found; restarting link with /LTCG; add /LTCG to the link command line to improve linker performance
CheckRouteFound.obj : warning LNK4075: ignoring '/EDITANDCONTINUE' due to '/INCREMENTAL:NO' specification
     Creating library ..\..\..\bin\bin_x64\DSR.lib and object ..\..\..\bin\bin_x64\DSR.exp
LINK : warning LNK4098: defaultlib 'MSVCRT' conflicts with use of other libs; use /NODEFAULTLIB:library
  Generating code
  Finished generating code
List.lib(List.obj) : warning LNK4099: PDB 'List.pdb' was not found with 'List.lib(List.obj)' or at 'E:\V12_Projects\Heterogeneous_LEACH_for_WSN_v12.0\LEACH_HETERO_WORKSPACE\bin\bin_x64\List.pdb'; linking object as if no debug info
DSR.lib(DSR.obj) : warning LNK4099: PDB 'DSRLib.pdb' was not found with 'DSR.lib(DSR.obj)' or at 'E:\V12_Projects\Heterogeneous_LEACH_for_WSN_v12.0\LEACH_HETERO_WORKSPACE\bin\bin_x64\DSRLib.pdb'; linking object as if no debug info
DSR.lib(LinkLayerAck.obj) : warning LNK4099: PDB 'DSRLib.pdb' was not found with 'DSR.lib(LinkLayerAck.obj)' or at 'E:\V12_Projects\Heterogeneous_LEACH_for_WSN_v12.0\LEACH_HETERO_WORKSPACE\bin\bin_x64\DSRLib.pdb'; linking object as if no debug info
  DSR.vcxproj -> E:\V12_Projects\Heterogeneous_LEACH_for_WSN_v12.0\LEACH_HETERO_WORKSPACE\src\Simulation\DSR\..\..\..\bin\bin_x64\DSR.dll
